# JRE version: OpenJDK Runtime Environment Temurin-21.0.10+7 (21.0.10+7) (build 21.0.10+7-LTS)
# Java VM: OpenJDK 64-Bit Server VM Temurin-21.0.10+7 (21.0.10+7-LTS, mixed mode, sharing, tiered, compressed oops, compressed class ptrs, parallel gc, windows-amd64)
GC Precious Log:
 CardTable entry size: 512
 CPUs: 8 total, 8 available
 Memory: 7583M
 Large Page Support: Disabled
 NUMA Support: Disabled
 Compressed Oops: Enabled (32-bit)
 Alignments: Space 512K, Generation 512K, Heap 2M
 Heap Min Capacity: 100M
 Heap Initial Capacity: 100M
 Heap Max Capacity: 2G
 Pre-touch: Disabled
 Parallel Workers: 8
Heap:
 PSYoungGen      total 4096K, used 3840K [0x00000000d5580000, 0x00000000d5b00000, 0x0000000100000000)
  eden space 3584K, 100% used [0x00000000d5580000,0x00000000d5900000,0x00000000d5900000)
  from space 512K, 50% used [0x00000000d5a00000,0x00000000d5a40000,0x00000000d5a80000)
  to   space 512K, 68% used [0x00000000d5a80000,0x00000000d5ad8000,0x00000000d5b00000)
 ParOldGen       total 484864K, used 484426K [0x0000000080000000, 0x000000009d980000, 0x00000000d5580000)
  object space 484864K, 99% used [0x0000000080000000,0x000000009d912a60,0x000000009d980000)
 Metaspace       used 75407K, committed 76992K, reserved 1179648K
  class space    used 9355K, committed 10048K, reserved 1048576K
GC Heap History (20 events):
Event: 125.582 GC heap before
{Heap before GC invocations=388 (full 3):
 PSYoungGen      total 6144K, used 5728K [0x00000000d5580000, 0x00000000d5c80000, 0x0000000100000000)
  eden space 5120K, 100% used [0x00000000d5580000,0x00000000d5a80000,0x00000000d5a80000)
  from space 1024K, 59% used [0x00000000d5b80000,0x00000000d5c18000,0x00000000d5c80000)
  to   space 1024K, 0% used [0x00000000d5a80000,0x00000000d5a80000,0x00000000d5b80000)
 ParOldGen       total 474112K, used 473852K [0x0000000080000000, 0x000000009cf00000, 0x00000000d5580000)
  object space 474112K, 99% used [0x0000000080000000,0x000000009cebf0b8,0x000000009cf00000)
 Metaspace       used 74680K, committed 76224K, reserved 1179648K
  class space    used 9266K, committed 9984K, reserved 1048576K
}
Event: 125.584 GC heap after
{Heap after GC invocations=388 (full 3):
 PSYoungGen      total 6144K, used 645K [0x00000000d5580000, 0x00000000d5c80000, 0x0000000100000000)
  eden space 5120K, 0% used [0x00000000d5580000,0x00000000d5580000,0x00000000d5a80000)
  from space 1024K, 63% used [0x00000000d5a80000,0x00000000d5b217a0,0x00000000d5b80000)
  to   space 1024K, 0% used [0x00000000d5b80000,0x00000000d5b80000,0x00000000d5c80000)
 ParOldGen       total 474624K, used 474364K [0x0000000080000000, 0x000000009cf80000, 0x00000000d5580000)
  object space 474624K, 99% used [0x0000000080000000,0x000000009cf3f0b8,0x000000009cf80000)
 Metaspace       used 74680K, committed 76224K, reserved 1179648K
  class space    used 9266K, committed 9984K, reserved 1048576K
}
Event: 125.593 GC heap before
{Heap before GC invocations=389 (full 3):
 PSYoungGen      total 6144K, used 5765K [0x00000000d5580000, 0x00000000d5c80000, 0x0000000100000000)
  eden space 5120K, 100% used [0x00000000d5580000,0x00000000d5a80000,0x00000000d5a80000)
  from space 1024K, 63% used [0x00000000d5a80000,0x00000000d5b217a0,0x00000000d5b80000)
  to   space 1024K, 0% used [0x00000000d5b80000,0x00000000d5b80000,0x00000000d5c80000)
 ParOldGen       total 474624K, used 474364K [0x0000000080000000, 0x000000009cf80000, 0x00000000d5580000)
  object space 474624K, 99% used [0x0000000080000000,0x000000009cf3f0b8,0x000000009cf80000)
 Metaspace       used 74684K, committed 76224K, reserved 1179648K
  class space    used 9266K, committed 9984K, reserved 1048576K
}
Event: 125.596 GC heap after
{Heap after GC invocations=389 (full 3):
 PSYoungGen      total 6144K, used 608K [0x00000000d5580000, 0x00000000d5c80000, 0x0000000100000000)
  eden space 5120K, 0% used [0x00000000d5580000,0x00000000d5580000,0x00000000d5a80000)
  from space 1024K, 59% used [0x00000000d5b80000,0x00000000d5c18000,0x00000000d5c80000)
  to   space 1024K, 0% used [0x00000000d5a80000,0x00000000d5a80000,0x00000000d5b80000)
 ParOldGen       total 475648K, used 475641K [0x0000000080000000, 0x000000009d080000, 0x00000000d5580000)
  object space 475648K, 99% used [0x0000000080000000,0x000000009d07e5c8,0x000000009d080000)
 Metaspace       used 74684K, committed 76224K, reserved 1179648K
  class space    used 9266K, committed 9984K, reserved 1048576K
}
Event: 125.609 GC heap before
{Heap before GC invocations=390 (full 3):
 PSYoungGen      total 6144K, used 5727K [0x00000000d5580000, 0x00000000d5c80000, 0x0000000100000000)
  eden space 5120K, 99% used [0x00000000d5580000,0x00000000d5a7ffe8,0x00000000d5a80000)
  from space 1024K, 59% used [0x00000000d5b80000,0x00000000d5c18000,0x00000000d5c80000)
  to   space 1024K, 0% used [0x00000000d5a80000,0x00000000d5a80000,0x00000000d5b80000)
 ParOldGen       total 475648K, used 475641K [0x0000000080000000, 0x000000009d080000, 0x00000000d5580000)
  object space 475648K, 99% used [0x0000000080000000,0x000000009d07e5c8,0x000000009d080000)
 Metaspace       used 74712K, committed 76288K, reserved 1179648K
  class space    used 9270K, committed 9984K, reserved 1048576K
}
Event: 125.611 GC heap after
{Heap after GC invocations=390 (full 3):
 PSYoungGen      total 6144K, used 704K [0x00000000d5580000, 0x00000000d5c80000, 0x0000000100000000)
  eden space 5120K, 0% used [0x00000000d5580000,0x00000000d5580000,0x00000000d5a80000)
  from space 1024K, 68% used [0x00000000d5a80000,0x00000000d5b30000,0x00000000d5b80000)
  to   space 1024K, 0% used [0x00000000d5b80000,0x00000000d5b80000,0x00000000d5c80000)
 ParOldGen       total 476160K, used 476129K [0x0000000080000000, 0x000000009d100000, 0x00000000d5580000)
  object space 476160K, 99% used [0x0000000080000000,0x000000009d0f85c8,0x000000009d100000)
 Metaspace       used 74712K, committed 76288K, reserved 1179648K
  class space    used 9270K, committed 9984K, reserved 1048576K
}
Event: 125.644 GC heap before
{Heap before GC invocations=391 (full 3):
 PSYoungGen      total 6144K, used 5823K [0x00000000d5580000, 0x00000000d5c80000, 0x0000000100000000)
  eden space 5120K, 99% used [0x00000000d5580000,0x00000000d5a7ff58,0x00000000d5a80000)
  from space 1024K, 68% used [0x00000000d5a80000,0x00000000d5b30000,0x00000000d5b80000)
  to   space 1024K, 0% used [0x00000000d5b80000,0x00000000d5b80000,0x00000000d5c80000)
 ParOldGen       total 476160K, used 476129K [0x0000000080000000, 0x000000009d100000, 0x00000000d5580000)
  object space 476160K, 99% used [0x0000000080000000,0x000000009d0f85c8,0x000000009d100000)
 Metaspace       used 75013K, committed 76608K, reserved 1179648K
  class space    used 9304K, committed 9984K, reserved 1048576K
}
Event: 125.647 GC heap after
{Heap after GC invocations=391 (full 3):
 PSYoungGen      total 4608K, used 993K [0x00000000d5580000, 0x00000000d5f80000, 0x0000000100000000)
  eden space 3584K, 0% used [0x00000000d5580000,0x00000000d5580000,0x00000000d5900000)
  from space 1024K, 96% used [0x00000000d5b80000,0x00000000d5c78400,0x00000000d5c80000)
  to   space 2560K, 0% used [0x00000000d5900000,0x00000000d5900000,0x00000000d5b80000)
 ParOldGen       total 477184K, used 477119K [0x0000000080000000, 0x000000009d200000, 0x00000000d5580000)
  object space 477184K, 99% used [0x0000000080000000,0x000000009d1efc08,0x000000009d200000)
 Metaspace       used 75013K, committed 76608K, reserved 1179648K
  class space    used 9304K, committed 9984K, reserved 1048576K
}
Event: 125.678 GC heap before
{Heap before GC invocations=392 (full 3):
 PSYoungGen      total 4608K, used 4554K [0x00000000d5580000, 0x00000000d5f80000, 0x0000000100000000)
  eden space 3584K, 99% used [0x00000000d5580000,0x00000000d58fa560,0x00000000d5900000)
  from space 1024K, 96% used [0x00000000d5b80000,0x00000000d5c78400,0x00000000d5c80000)
  to   space 2560K, 0% used [0x00000000d5900000,0x00000000d5900000,0x00000000d5b80000)
 ParOldGen       total 477184K, used 477119K [0x0000000080000000, 0x000000009d200000, 0x00000000d5580000)
  object space 477184K, 99% used [0x0000000080000000,0x000000009d1efc08,0x000000009d200000)
 Metaspace       used 75211K, committed 76864K, reserved 1179648K
  class space    used 9334K, committed 10048K, reserved 1048576K
}
Event: 125.680 GC heap after
{Heap after GC invocations=392 (full 3):
 PSYoungGen      total 5632K, used 1816K [0x00000000d5580000, 0x00000000d5d00000, 0x0000000100000000)
  eden space 3584K, 0% used [0x00000000d5580000,0x00000000d5580000,0x00000000d5900000)
  from space 2048K, 88% used [0x00000000d5900000,0x00000000d5ac6000,0x00000000d5b00000)
  to   space 2048K, 0% used [0x00000000d5b00000,0x00000000d5b00000,0x00000000d5d00000)
 ParOldGen       total 478208K, used 477753K [0x0000000080000000, 0x000000009d300000, 0x00000000d5580000)
  object space 478208K, 99% used [0x0000000080000000,0x000000009d28e578,0x000000009d300000)
 Metaspace       used 75211K, committed 76864K, reserved 1179648K
  class space    used 9334K, committed 10048K, reserved 1048576K
}
Event: 125.773 GC heap before
{Heap before GC invocations=393 (full 3):
 PSYoungGen      total 5632K, used 5060K [0x00000000d5580000, 0x00000000d5d00000, 0x0000000100000000)
  eden space 3584K, 90% used [0x00000000d5580000,0x00000000d58ab1e8,0x00000000d5900000)
  from space 2048K, 88% used [0x00000000d5900000,0x00000000d5ac6000,0x00000000d5b00000)
  to   space 2048K, 0% used [0x00000000d5b00000,0x00000000d5b00000,0x00000000d5d00000)
 ParOldGen       total 478208K, used 477753K [0x0000000080000000, 0x000000009d300000, 0x00000000d5580000)
  object space 478208K, 99% used [0x0000000080000000,0x000000009d28e578,0x000000009d300000)
 Metaspace       used 75382K, committed 76992K, reserved 1179648K
  class space    used 9355K, committed 10048K, reserved 1048576K
}
Event: 125.779 GC heap after
{Heap after GC invocations=393 (full 3):
 PSYoungGen      total 5120K, used 1154K [0x00000000d5580000, 0x00000000d5c80000, 0x0000000100000000)
  eden space 3584K, 0% used [0x00000000d5580000,0x00000000d5580000,0x00000000d5900000)
  from space 1536K, 75% used [0x00000000d5b00000,0x00000000d5c20ba0,0x00000000d5c80000)
  to   space 1536K, 0% used [0x00000000d5980000,0x00000000d5980000,0x00000000d5b00000)
 ParOldGen       total 479232K, used 479212K [0x0000000080000000, 0x000000009d400000, 0x00000000d5580000)
  object space 479232K, 99% used [0x0000000080000000,0x000000009d3fb010,0x000000009d400000)
 Metaspace       used 75382K, committed 76992K, reserved 1179648K
  class space    used 9355K, committed 10048K, reserved 1048576K
}
Event: 125.816 GC heap before
{Heap before GC invocations=394 (full 3):
 PSYoungGen      total 5120K, used 4724K [0x00000000d5580000, 0x00000000d5c80000, 0x0000000100000000)
  eden space 3584K, 99% used [0x00000000d5580000,0x00000000d58fc620,0x00000000d5900000)
  from space 1536K, 75% used [0x00000000d5b00000,0x00000000d5c20ba0,0x00000000d5c80000)
  to   space 1536K, 0% used [0x00000000d5980000,0x00000000d5980000,0x00000000d5b00000)
 ParOldGen       total 479232K, used 479212K [0x0000000080000000, 0x000000009d400000, 0x00000000d5580000)
  object space 479232K, 99% used [0x0000000080000000,0x000000009d3fb010,0x000000009d400000)
 Metaspace       used 75382K, committed 76992K, reserved 1179648K
  class space    used 9355K, committed 10048K, reserved 1048576K
}
Event: 125.819 GC heap after
{Heap after GC invocations=394 (full 3):
 PSYoungGen      total 4096K, used 256K [0x00000000d5580000, 0x00000000d5b80000, 0x0000000100000000)
  eden space 3584K, 0% used [0x00000000d5580000,0x00000000d5580000,0x00000000d5900000)
  from space 512K, 50% used [0x00000000d5980000,0x00000000d59c0000,0x00000000d5a00000)
  to   space 1024K, 0% used [0x00000000d5a80000,0x00000000d5a80000,0x00000000d5b80000)
 ParOldGen       total 480256K, used 480193K [0x0000000080000000, 0x000000009d500000, 0x00000000d5580000)
  object space 480256K, 99% used [0x0000000080000000,0x000000009d4f0708,0x000000009d500000)
 Metaspace       used 75382K, committed 76992K, reserved 1179648K
  class space    used 9355K, committed 10048K, reserved 1048576K
}
Event: 125.891 GC heap before
{Heap before GC invocations=395 (full 3):
 PSYoungGen      total 4096K, used 3838K [0x00000000d5580000, 0x00000000d5b80000, 0x0000000100000000)
  eden space 3584K, 99% used [0x00000000d5580000,0x00000000d58ffbc8,0x00000000d5900000)
  from space 512K, 50% used [0x00000000d5980000,0x00000000d59c0000,0x00000000d5a00000)
  to   space 1024K, 0% used [0x00000000d5a80000,0x00000000d5a80000,0x00000000d5b80000)
 ParOldGen       total 483840K, used 483283K [0x0000000080000000, 0x000000009d880000, 0x00000000d5580000)
  object space 483840K, 99% used [0x0000000080000000,0x000000009d7f4de0,0x000000009d880000)
 Metaspace       used 75384K, committed 76992K, reserved 1179648K
  class space    used 9355K, committed 10048K, reserved 1048576K
}
Event: 125.893 GC heap after
{Heap after GC invocations=395 (full 3):
 PSYoungGen      total 4608K, used 520K [0x00000000d5580000, 0x00000000d5b80000, 0x0000000100000000)
  eden space 3584K, 0% used [0x00000000d5580000,0x00000000d5580000,0x00000000d5900000)
  from space 1024K, 50% used [0x00000000d5a80000,0x00000000d5b02360,0x00000000d5b80000)
  to   space 1024K, 0% used [0x00000000d5980000,0x00000000d5980000,0x00000000d5a80000)
 ParOldGen       total 483840K, used 483379K [0x0000000080000000, 0x000000009d880000, 0x00000000d5580000)
  object space 483840K, 99% used [0x0000000080000000,0x000000009d80cde0,0x000000009d880000)
 Metaspace       used 75384K, committed 76992K, reserved 1179648K
  class space    used 9355K, committed 10048K, reserved 1048576K
}
Event: 125.902 GC heap before
{Heap before GC invocations=396 (full 3):
 PSYoungGen      total 4608K, used 4093K [0x00000000d5580000, 0x00000000d5b80000, 0x0000000100000000)
  eden space 3584K, 99% used [0x00000000d5580000,0x00000000d58fd458,0x00000000d5900000)
  from space 1024K, 50% used [0x00000000d5a80000,0x00000000d5b02360,0x00000000d5b80000)
  to   space 1024K, 0% used [0x00000000d5980000,0x00000000d5980000,0x00000000d5a80000)
 ParOldGen       total 483840K, used 483379K [0x0000000080000000, 0x000000009d880000, 0x00000000d5580000)
  object space 483840K, 99% used [0x0000000080000000,0x000000009d80cde0,0x000000009d880000)
 Metaspace       used 75385K, committed 76992K, reserved 1179648K
  class space    used 9355K, committed 10048K, reserved 1048576K
}
Event: 125.904 GC heap after
{Heap after GC invocations=396 (full 3):
 PSYoungGen      total 4608K, used 416K [0x00000000d5580000, 0x00000000d5b00000, 0x0000000100000000)
  eden space 3584K, 0% used [0x00000000d5580000,0x00000000d5580000,0x00000000d5900000)
  from space 1024K, 40% used [0x00000000d5980000,0x00000000d59e8000,0x00000000d5a80000)
  to   space 512K, 0% used [0x00000000d5a80000,0x00000000d5a80000,0x00000000d5b00000)
 ParOldGen       total 483840K, used 483728K [0x0000000080000000, 0x000000009d880000, 0x00000000d5580000)
  object space 483840K, 99% used [0x0000000080000000,0x000000009d8643c0,0x000000009d880000)
 Metaspace       used 75385K, committed 76992K, reserved 1179648K
  class space    used 9355K, committed 10048K, reserved 1048576K
}
Event: 125.923 GC heap before
{Heap before GC invocations=397 (full 3):
 PSYoungGen      total 4608K, used 3703K [0x00000000d5580000, 0x00000000d5b00000, 0x0000000100000000)
  eden space 3584K, 91% used [0x00000000d5580000,0x00000000d58b5d50,0x00000000d5900000)
  from space 1024K, 40% used [0x00000000d5980000,0x00000000d59e8000,0x00000000d5a80000)
  to   space 512K, 0% used [0x00000000d5a80000,0x00000000d5a80000,0x00000000d5b00000)
 ParOldGen       total 483840K, used 483728K [0x0000000080000000, 0x000000009d880000, 0x00000000d5580000)
  object space 483840K, 99% used [0x0000000080000000,0x000000009d8643c0,0x000000009d880000)
 Metaspace       used 75386K, committed 76992K, reserved 1179648K
  class space    used 9355K, committed 10048K, reserved 1048576K
}
Event: 125.926 GC heap after
{Heap after GC invocations=397 (full 3):
 PSYoungGen      total 4096K, used 411K [0x00000000d5580000, 0x00000000d5b00000, 0x0000000100000000)
  eden space 3584K, 0% used [0x00000000d5580000,0x00000000d5580000,0x00000000d5900000)
  from space 512K, 80% used [0x00000000d5a80000,0x00000000d5ae6c08,0x00000000d5b00000)
  to   space 512K, 0% used [0x00000000d5a00000,0x00000000d5a00000,0x00000000d5a80000)
 ParOldGen       total 484352K, used 484080K [0x0000000080000000, 0x000000009d900000, 0x00000000d5580000)
  object space 484352K, 99% used [0x0000000080000000,0x000000009d8bc3c0,0x000000009d900000)
 Metaspace       used 75386K, committed 76992K, reserved 1179648K
  class space    used 9355K, committed 10048K, reserved 1048576K
}

