# JRE version: OpenJDK Runtime Environment Temurin-21.0.10+7 (21.0.10+7) (build 21.0.10+7-LTS)
# Java VM: OpenJDK 64-Bit Server VM Temurin-21.0.10+7 (21.0.10+7-LTS, mixed mode, sharing, tiered, compressed oops, compressed class ptrs, g1 gc, windows-amd64)
GC Precious Log:
 CardTable entry size: 512
 Card Set container configuration: InlinePtr #cards 4 size 8 Array Of Cards #cards 32 size 80 Howl #buckets 8 coarsen threshold 7372 Howl Bitmap #cards 1024 size 144 coarsen threshold 921 Card regions per heap region 1 cards per card region 8192
 CPUs: 8 total, 8 available
 Memory: 7583M
 Large Page Support: Disabled
 NUMA Support: Disabled
 Compressed Oops: Enabled (Zero based)
 Heap Region Size: 4M
 Heap Min Capacity: 8M
 Heap Initial Capacity: 120M
 Heap Max Capacity: 8G
 Pre-touch: Disabled
 Parallel Workers: 8
 Concurrent Workers: 2
 Concurrent Refinement Workers: 8
 Periodic GC: Disabled
Heap:
 garbage-first heap   total 266240K, used 209968K [0x0000000600000000, 0x0000000800000000)
  region size 4096K, 11 young (45056K), 3 survivors (12288K)
 Metaspace       used 151449K, committed 154240K, reserved 1245184K
  class space    used 19853K, committed 21248K, reserved 1048576K
GC Heap History (20 events):
Event: 33.838 GC heap before
{Heap before GC invocations=37 (full 0):
 garbage-first heap   total 196608K, used 174122K [0x0000000600000000, 0x0000000800000000)
  region size 4096K, 14 young (57344K), 2 survivors (8192K)
 Metaspace       used 136303K, committed 138752K, reserved 1179648K
  class space    used 18032K, committed 19264K, reserved 1048576K
}
Event: 33.847 GC heap after
{Heap after GC invocations=38 (full 0):
 garbage-first heap   total 196608K, used 131515K [0x0000000600000000, 0x0000000800000000)
  region size 4096K, 2 young (8192K), 2 survivors (8192K)
 Metaspace       used 136303K, committed 138752K, reserved 1179648K
  class space    used 18032K, committed 19264K, reserved 1048576K
}
Event: 36.640 GC heap before
{Heap before GC invocations=39 (full 0):
 garbage-first heap   total 225280K, used 176571K [0x0000000600000000, 0x0000000800000000)
  region size 4096K, 13 young (53248K), 2 survivors (8192K)
 Metaspace       used 138017K, committed 140544K, reserved 1179648K
  class space    used 18126K, committed 19392K, reserved 1048576K
}
Event: 36.650 GC heap after
{Heap after GC invocations=40 (full 0):
 garbage-first heap   total 225280K, used 139097K [0x0000000600000000, 0x0000000800000000)
  region size 4096K, 2 young (8192K), 2 survivors (8192K)
 Metaspace       used 138017K, committed 140544K, reserved 1179648K
  class space    used 18126K, committed 19392K, reserved 1048576K
}
Event: 38.799 GC heap before
{Heap before GC invocations=40 (full 0):
 garbage-first heap   total 225280K, used 196441K [0x0000000600000000, 0x0000000800000000)
  region size 4096K, 16 young (65536K), 2 survivors (8192K)
 Metaspace       used 141674K, committed 144256K, reserved 1179648K
  class space    used 18704K, committed 19968K, reserved 1048576K
}
Event: 38.809 GC heap after
{Heap after GC invocations=41 (full 0):
 garbage-first heap   total 225280K, used 134255K [0x0000000600000000, 0x0000000800000000)
  region size 4096K, 2 young (8192K), 2 survivors (8192K)
 Metaspace       used 141674K, committed 144256K, reserved 1179648K
  class space    used 18704K, committed 19968K, reserved 1048576K
}
Event: 42.145 GC heap before
{Heap before GC invocations=41 (full 0):
 garbage-first heap   total 225280K, used 195695K [0x0000000600000000, 0x0000000800000000)
  region size 4096K, 17 young (69632K), 2 survivors (8192K)
 Metaspace       used 146146K, committed 148736K, reserved 1179648K
  class space    used 19330K, committed 20608K, reserved 1048576K
}
Event: 42.154 GC heap after
{Heap after GC invocations=42 (full 0):
 garbage-first heap   total 225280K, used 140942K [0x0000000600000000, 0x0000000800000000)
  region size 4096K, 3 young (12288K), 3 survivors (12288K)
 Metaspace       used 146146K, committed 148736K, reserved 1179648K
  class space    used 19330K, committed 20608K, reserved 1048576K
}
Event: 77.616 GC heap before
{Heap before GC invocations=42 (full 0):
 garbage-first heap   total 225280K, used 202382K [0x0000000600000000, 0x0000000800000000)
  region size 4096K, 18 young (73728K), 3 survivors (12288K)
 Metaspace       used 148485K, committed 151168K, reserved 1179648K
  class space    used 19625K, committed 20992K, reserved 1048576K
}
Event: 77.638 GC heap after
{Heap after GC invocations=43 (full 0):
 garbage-first heap   total 225280K, used 144811K [0x0000000600000000, 0x0000000800000000)
  region size 4096K, 2 young (8192K), 2 survivors (8192K)
 Metaspace       used 148485K, committed 151168K, reserved 1179648K
  class space    used 19625K, committed 20992K, reserved 1048576K
}
Event: 78.083 GC heap before
{Heap before GC invocations=43 (full 0):
 garbage-first heap   total 225280K, used 202155K [0x0000000600000000, 0x0000000800000000)
  region size 4096K, 16 young (65536K), 2 survivors (8192K)
 Metaspace       used 148562K, committed 151296K, reserved 1179648K
  class space    used 19628K, committed 20992K, reserved 1048576K
}
Event: 78.092 GC heap after
{Heap after GC invocations=44 (full 0):
 garbage-first heap   total 225280K, used 147491K [0x0000000600000000, 0x0000000800000000)
  region size 4096K, 1 young (4096K), 1 survivors (4096K)
 Metaspace       used 148562K, committed 151296K, reserved 1179648K
  class space    used 19628K, committed 20992K, reserved 1048576K
}
Event: 78.640 GC heap before
{Heap before GC invocations=45 (full 0):
 garbage-first heap   total 253952K, used 213027K [0x0000000600000000, 0x0000000800000000)
  region size 4096K, 15 young (61440K), 1 survivors (4096K)
 Metaspace       used 148709K, committed 151424K, reserved 1245184K
  class space    used 19648K, committed 20992K, reserved 1048576K
}
Event: 78.648 GC heap after
{Heap after GC invocations=46 (full 0):
 garbage-first heap   total 253952K, used 161303K [0x0000000600000000, 0x0000000800000000)
  region size 4096K, 2 young (8192K), 2 survivors (8192K)
 Metaspace       used 148709K, committed 151424K, reserved 1245184K
  class space    used 19648K, committed 20992K, reserved 1048576K
}
Event: 79.494 GC heap before
{Heap before GC invocations=46 (full 0):
 garbage-first heap   total 253952K, used 235031K [0x0000000600000000, 0x0000000800000000)
  region size 4096K, 19 young (77824K), 2 survivors (8192K)
 Metaspace       used 148899K, committed 151616K, reserved 1245184K
  class space    used 19662K, committed 20992K, reserved 1048576K
}
Event: 79.515 GC heap after
{Heap after GC invocations=47 (full 0):
 garbage-first heap   total 266240K, used 158963K [0x0000000600000000, 0x0000000800000000)
  region size 4096K, 3 young (12288K), 3 survivors (12288K)
 Metaspace       used 148899K, committed 151616K, reserved 1245184K
  class space    used 19662K, committed 20992K, reserved 1048576K
}
Event: 82.041 GC heap before
{Heap before GC invocations=47 (full 0):
 garbage-first heap   total 266240K, used 236787K [0x0000000600000000, 0x0000000800000000)
  region size 4096K, 22 young (90112K), 3 survivors (12288K)
 Metaspace       used 151376K, committed 154176K, reserved 1245184K
  class space    used 19852K, committed 21248K, reserved 1048576K
}
Event: 82.058 GC heap after
{Heap after GC invocations=48 (full 0):
 garbage-first heap   total 266240K, used 168924K [0x0000000600000000, 0x0000000800000000)
  region size 4096K, 3 young (12288K), 3 survivors (12288K)
 Metaspace       used 151376K, committed 154176K, reserved 1245184K
  class space    used 19852K, committed 21248K, reserved 1048576K
}
Event: 82.286 GC heap before
{Heap before GC invocations=48 (full 0):
 garbage-first heap   total 266240K, used 230364K [0x0000000600000000, 0x0000000800000000)
  region size 4096K, 19 young (77824K), 3 survivors (12288K)
 Metaspace       used 151407K, committed 154176K, reserved 1245184K
  class space    used 19852K, committed 21248K, reserved 1048576K
}
Event: 82.303 GC heap after
{Heap after GC invocations=49 (full 0):
 garbage-first heap   total 266240K, used 185392K [0x0000000600000000, 0x0000000800000000)
  region size 4096K, 3 young (12288K), 3 survivors (12288K)
 Metaspace       used 151407K, committed 154176K, reserved 1245184K
  class space    used 19852K, committed 21248K, reserved 1048576K
}

